  Stage.cpp
c:\users\yejun\source\repos\2dgameproject\2dgameproject\stage.cpp(314): warning C4482: nonstandard extension used: enum 'Stage::EDraw' used in qualified name
c:\users\yejun\source\repos\2dgameproject\2dgameproject\stage.cpp(319): warning C4482: nonstandard extension used: enum 'Stage::EDraw' used in qualified name
c:\users\yejun\source\repos\2dgameproject\2dgameproject\stage.cpp(324): warning C4482: nonstandard extension used: enum 'Stage::EDraw' used in qualified name
c:\users\yejun\source\repos\2dgameproject\2dgameproject\stage.cpp(329): warning C4482: nonstandard extension used: enum 'Stage::EDraw' used in qualified name
c:\users\yejun\source\repos\2dgameproject\2dgameproject\stage.cpp(338): warning C4018: '<' : signed/unsigned mismatch
c:\users\yejun\source\repos\2dgameproject\2dgameproject\stage.cpp(340): warning C4018: '<' : signed/unsigned mismatch
c:\users\yejun\source\repos\2dgameproject\2dgameproject\stage.cpp(345): warning C4482: nonstandard extension used: enum 'Stage::EDraw' used in qualified name
c:\users\yejun\source\repos\2dgameproject\2dgameproject\stage.cpp(350): warning C4482: nonstandard extension used: enum 'Stage::EDraw' used in qualified name
c:\users\yejun\source\repos\2dgameproject\2dgameproject\stage.cpp(386): warning C4244: 'argument' : conversion from 'double' to 'int', possible loss of data
c:\users\yejun\source\repos\2dgameproject\2dgameproject\stage.cpp(397): warning C4244: 'argument' : conversion from 'double' to 'int', possible loss of data
c:\users\yejun\source\repos\2dgameproject\2dgameproject\stage.cpp(408): warning C4244: 'argument' : conversion from 'double' to 'int', possible loss of data
c:\users\yejun\source\repos\2dgameproject\2dgameproject\stage.cpp(419): warning C4244: 'argument' : conversion from 'double' to 'int', possible loss of data
c:\users\yejun\source\repos\2dgameproject\2dgameproject\stage.cpp(453): warning C4244: 'argument' : conversion from 'double' to 'int', possible loss of data
c:\users\yejun\source\repos\2dgameproject\2dgameproject\stage.cpp(464): warning C4244: 'argument' : conversion from 'double' to 'int', possible loss of data
c:\users\yejun\source\repos\2dgameproject\2dgameproject\stage.cpp(475): warning C4244: 'argument' : conversion from 'double' to 'int', possible loss of data
c:\users\yejun\source\repos\2dgameproject\2dgameproject\stage.cpp(486): warning C4244: 'argument' : conversion from 'double' to 'int', possible loss of data
c:\users\yejun\source\repos\2dgameproject\2dgameproject\stage.cpp(505): warning C4189: 'windowHeight' : local variable is initialized but not referenced
c:\users\yejun\source\repos\2dgameproject\2dgameproject\stage.cpp(386): warning C4701: potentially uninitialized local variable 'oX' used
c:\users\yejun\source\repos\2dgameproject\2dgameproject\stage.cpp(386): warning C4701: potentially uninitialized local variable 'oY' used
c:\users\yejun\source\repos\2dgameproject\2dgameproject\stage.cpp(453): warning C4701: potentially uninitialized local variable 'pX' used
c:\users\yejun\source\repos\2dgameproject\2dgameproject\stage.cpp(453): warning C4701: potentially uninitialized local variable 'pY' used
  2DGameProject.vcxproj -> C:\Users\yejun\source\repos\2DGameProject\Debug\2DGameProject.exe
